DinDon/DinDon/app/build/intermediates/manifest_merge_blame_file/debug/manifest-merger-blame-debug-report.txt
1<?xml version="1.0" encoding="utf-8"?>
2<manifest xmlns:android="http://schemas.android.com/apk/res/android"
3    package="com.example.dindon"
4    android:versionCode="1"
5    android:versionName="1.0" >
6
7    <uses-sdk
8        android:minSdkVersion="21"
8-->src/main/AndroidManifest.xml
9        android:targetSdkVersion="33" />
9-->src/main/AndroidManifest.xml
10
11    <uses-permission android:name="android.permission.ACCESS_FINE_LOCATION" />
11-->src/main/AndroidManifest.xml:6:5-79
11-->src/main/AndroidManifest.xml:6:22-76
12    <uses-permission android:name="android.permission.ACCESS_COARSE_LOCATION" />
12-->src/main/AndroidManifest.xml:7:5-81
12-->src/main/AndroidManifest.xml:7:22-78
13    <uses-permission android:name="android.permission.ACCESS_BACKGROUND_LOCATION" />
13-->src/main/AndroidManifest.xml:8:5-85
13-->src/main/AndroidManifest.xml:8:22-82
14    <uses-permission android:name="android.permission.INTERNET" />
14-->src/main/AndroidManifest.xml:9:5-67
14-->src/main/AndroidManifest.xml:9:22-64
15    <uses-permission android:name="android.permission.ACCESS_NETWORK_STATE" />
15-->src/main/AndroidManifest.xml:10:5-79
15-->src/main/AndroidManifest.xml:10:22-76
16    <uses-permission android:name="android.permission.CAMERA" />
16-->src/main/AndroidManifest.xml:11:5-65
16-->src/main/AndroidManifest.xml:11:22-62
17    <uses-permission android:name="android.permission.READ_EXTERNAL_STORAGE" />
17-->src/main/AndroidManifest.xml:12:5-80
17-->src/main/AndroidManifest.xml:12:22-77
18    <uses-permission android:name="android.permission.WRITE_EXTERNAL_STORAGE" />
18-->src/main/AndroidManifest.xml:13:5-81
18-->src/main/AndroidManifest.xml:13:22-78
19
20    <supports-screens
20-->[org.osmdroid:osmdroid-android:6.1.13] AndroidManifest.xml:9:5-12:40
21        android:anyDensity="true"
21-->[org.osmdroid:osmdroid-android:6.1.13] AndroidManifest.xml:10:9-34
22        android:largeScreens="true"
22-->[org.osmdroid:osmdroid-android:6.1.13] AndroidManifest.xml:11:9-36
23        android:normalScreens="true" />
23-->[org.osmdroid:osmdroid-android:6.1.13] AndroidManifest.xml:12:9-37
24
25    <uses-feature
25-->[org.osmdroid:osmdroid-android:6.1.13] AndroidManifest.xml:14:5-16:36
26        android:name="android.hardware.location.network"
26-->[org.osmdroid:osmdroid-android:6.1.13] AndroidManifest.xml:15:9-57
27        android:required="false" />
27-->[org.osmdroid:osmdroid-android:6.1.13] AndroidManifest.xml:16:9-33
28    <uses-feature
28-->[org.osmdroid:osmdroid-android:6.1.13] AndroidManifest.xml:17:5-19:36
29        android:name="android.hardware.location.gps"
29-->[org.osmdroid:osmdroid-android:6.1.13] AndroidManifest.xml:18:9-53
30        android:required="false" />
30-->[org.osmdroid:osmdroid-android:6.1.13] AndroidManifest.xml:19:9-33
31    <uses-feature
31-->[org.osmdroid:osmdroid-android:6.1.13] AndroidManifest.xml:20:5-22:36
32        android:name="android.hardware.telephony"
32-->[org.osmdroid:osmdroid-android:6.1.13] AndroidManifest.xml:21:9-50
33        android:required="false" />
33-->[org.osmdroid:osmdroid-android:6.1.13] AndroidManifest.xml:22:9-33
34    <uses-feature
34-->[org.osmdroid:osmdroid-android:6.1.13] AndroidManifest.xml:23:5-25:36
35        android:name="android.hardware.wifi"
35-->[org.osmdroid:osmdroid-android:6.1.13] AndroidManifest.xml:24:9-45
36        android:required="false" />
36-->[org.osmdroid:osmdroid-android:6.1.13] AndroidManifest.xml:25:9-33
37
38    <application
38-->src/main/AndroidManifest.xml:16:5-77:19
39        android:allowBackup="true"
39-->src/main/AndroidManifest.xml:17:9-35
40        android:appComponentFactory="androidx.core.app.CoreComponentFactory"
40-->[androidx.core:core:1.7.0] AndroidManifest.xml:24:18-86
41        android:debuggable="true"
42        android:enableOnBackInvokedCallback="true"
42-->src/main/AndroidManifest.xml:18:9-51
43        android:icon="@mipmap/logo"
43-->src/main/AndroidManifest.xml:19:9-36
44        android:label="@string/app_name"
44-->src/main/AndroidManifest.xml:20:9-41
45        android:networkSecurityConfig="@xml/network_security_config"
45-->src/main/AndroidManifest.xml:21:9-69
46        android:roundIcon="@mipmap/logo"
46-->src/main/AndroidManifest.xml:22:9-41
47        android:supportsRtl="true"
47-->src/main/AndroidManifest.xml:23:9-35
48        android:testOnly="true"
49        android:theme="@style/Theme.DinDon"
49-->src/main/AndroidManifest.xml:24:9-44
50        android:usesCleartextTraffic="true" >
50-->src/main/AndroidManifest.xml:25:9-44
51        <activity
51-->src/main/AndroidManifest.xml:27:9-34:20
52            android:name="com.example.dindon.LoginActivity"
52-->src/main/AndroidManifest.xml:28:13-42
53            android:exported="true" >
53-->src/main/AndroidManifest.xml:29:13-36
54            <intent-filter>
54-->src/main/AndroidManifest.xml:30:13-33:29
55                <action android:name="android.intent.action.MAIN" />
55-->src/main/AndroidManifest.xml:31:17-69
55-->src/main/AndroidManifest.xml:31:25-66
56
57                <category android:name="android.intent.category.LAUNCHER" />
57-->src/main/AndroidManifest.xml:32:17-77
57-->src/main/AndroidManifest.xml:32:27-74
58            </intent-filter>
59        </activity>
60        <activity
60-->src/main/AndroidManifest.xml:35:9-37:39
61            android:name="com.example.dindon.Settings"
61-->src/main/AndroidManifest.xml:36:13-37
62            android:label="Ajustes" />
62-->src/main/AndroidManifest.xml:37:13-36
63        <activity
63-->src/main/AndroidManifest.xml:39:9-41:44
64            android:name="com.example.dindon.Preferencias"
64-->src/main/AndroidManifest.xml:40:13-41
65            android:label="Preferencias" />
65-->src/main/AndroidManifest.xml:41:13-41
66        <activity
66-->src/main/AndroidManifest.xml:42:9-44:40
67            android:name="com.example.dindon.RegisterActivity"
67-->src/main/AndroidManifest.xml:43:13-45
68            android:label="Registro" />
68-->src/main/AndroidManifest.xml:44:13-37
69        <activity
69-->src/main/AndroidManifest.xml:46:9-48:59
70            android:name="com.theartofdev.edmodo.cropper.CropImageActivity"
70-->src/main/AndroidManifest.xml:47:13-76
71            android:theme="@style/Base.Theme.AppCompat" />
71-->src/main/AndroidManifest.xml:48:13-56
72        <activity
72-->src/main/AndroidManifest.xml:49:9-51:42
73            android:name="com.example.dindon.NewPisoActivity"
73-->src/main/AndroidManifest.xml:50:13-44
74            android:label="Nuevo Piso" />
74-->src/main/AndroidManifest.xml:51:13-39
75        <activity
75-->src/main/AndroidManifest.xml:52:9-54:36
76            android:name="com.example.dindon.Chat"
76-->src/main/AndroidManifest.xml:53:13-33
77            android:label="Chat" />
77-->src/main/AndroidManifest.xml:54:13-33
78        <activity
78-->src/main/AndroidManifest.xml:55:9-57:42
79            android:name="com.example.dindon.MainActivity1"
79-->src/main/AndroidManifest.xml:56:13-42
80            android:label="Arrendador" />
80-->src/main/AndroidManifest.xml:57:13-39
81        <activity
81-->src/main/AndroidManifest.xml:58:9-60:39
82            android:name="com.example.dindon.pisosSummary"
82-->src/main/AndroidManifest.xml:59:13-41
83            android:label="summary" />
83-->src/main/AndroidManifest.xml:60:13-36
84        <activity
84-->src/main/AndroidManifest.xml:61:9-68:20
85            android:name="com.example.dindon.fragments.MainDiscover"
85-->src/main/AndroidManifest.xml:62:13-51
86            android:label="Descubre"
86-->src/main/AndroidManifest.xml:63:13-37
87            android:parentActivityName="com.example.dindon.MainActivity" >
87-->src/main/AndroidManifest.xml:64:13-55
88            <meta-data
88-->src/main/AndroidManifest.xml:65:13-67:49
89                android:name="android.support.PARENT_ACTIVITY"
89-->src/main/AndroidManifest.xml:66:17-63
90                android:value=".MainActivity" />
90-->src/main/AndroidManifest.xml:67:17-46
91        </activity>
92        <activity
92-->src/main/AndroidManifest.xml:69:9-76:20
93            android:name="com.example.dindon.MainActivity"
93-->src/main/AndroidManifest.xml:70:13-41
94            android:label="@string/app_name"
94-->src/main/AndroidManifest.xml:71:13-45
95            android:parentActivityName="com.example.dindon.LoginActivity" >
95-->src/main/AndroidManifest.xml:72:13-56
96            <meta-data
96-->src/main/AndroidManifest.xml:65:13-67:49
97                android:name="android.support.PARENT_ACTIVITY"
97-->src/main/AndroidManifest.xml:66:17-63
98                android:value=".LoginActivity" />
98-->src/main/AndroidManifest.xml:67:17-46
99        </activity>
100
101        <provider
101-->[com.squareup.picasso:picasso:2.71828] AndroidManifest.xml:8:9-11:40
102            android:name="com.squareup.picasso.PicassoProvider"
102-->[com.squareup.picasso:picasso:2.71828] AndroidManifest.xml:9:13-64
103            android:authorities="com.example.dindon.com.squareup.picasso"
103-->[com.squareup.picasso:picasso:2.71828] AndroidManifest.xml:10:13-72
104            android:exported="false" />
104-->[com.squareup.picasso:picasso:2.71828] AndroidManifest.xml:11:13-37
105    </application>
106
107</manifest>